<?xml version="1.0" encoding="UTF-8"?>
<!-- Generated by org.testng.reporters.JUnitReportReporter -->
<testsuite hostname="7270-172362" name="test1.mytest" tests="1" failures="0" timestamp="3 Jan 2017 00:44:33 GMT" time="7.663" errors="0">
  <testcase name="mytest001" time="7.663" classname="test1.mytest"/>
</testsuite> <!-- test1.mytest -->
